[2026-04-21T14:36:27.204325+00:00] cli.parse.WARNING: URL "https://registry.khronos.org/OpenGL/extensions/ARB/GLX_ARB_create_context_profile.txt" is invalid [] []
[2026-04-21T14:37:02.403698+00:00] cli.parse.WARNING: URL "https://registry.khronos.org/OpenGL/extensions/MAX/MAX_VERTEX_ATTRIB_STRIDE.txt" is invalid [] []
[2026-04-21T14:37:10.197408+00:00] cli.parse.WARNING: URL "https://registry.khronos.org/OpenGL/extensions/KHR/KHR_texture_compression_astc_ldr.txt" is invalid [] []
[2026-04-21T14:37:20.797061+00:00] cli.parse.WARNING: URL "https://registry.khronos.org/OpenGL/extensions/ARB/ARB_robustness_isolation.txt" is invalid [] []
[2026-04-21T14:37:26.535718+00:00] cli.parse.WARNING: URL "https://registry.khronos.org/OpenGL/extensions/KHR/KHR_blend_equation_advanced_coherent.txt" is invalid [] []
[2026-04-21T14:37:30.875243+00:00] cli.parse.WARNING: URL "https://registry.khronos.org/OpenGL/extensions/OES/OES_texture_half_float.txt" is invalid [] []
[2026-04-21T14:37:31.299322+00:00] cli.parse.WARNING: URL "https://registry.khronos.org/OpenGL/extensions/OES/OES_texture_half_float_linear.txt" is invalid [] []
[2026-04-21T14:37:31.925003+00:00] cli.parse.WARNING: URL "https://registry.khronos.org/OpenGL/extensions/ARB/GLX_ARB_context_flush_control.txt" is invalid [] []
[2026-04-21T14:37:32.564340+00:00] cli.parse.WARNING: URL "https://registry.khronos.org/OpenGL/extensions/ARB/GLX_ARB_robustness_share_group_isolation.txt" is invalid [] []
[2026-04-21T14:37:36.469472+00:00] cli.parse.WARNING: URL "https://registry.khronos.org/OpenGL/extensions/ARB/ARB_gl_spirv_extensions.txt" is invalid [] []
[2026-04-21T14:37:37.434180+00:00] cli.parse.WARNING: URL "https://docs.vulkan.org/refpages/latest/refpages/source/VK_KHR_16bit_storage.html" is invalid [] []
[2026-04-21T14:37:37.514153+00:00] cli.parse.WARNING: URL "https://docs.vulkan.org/refpages/latest/refpages/source/VK_KHR_android_surface.html" is invalid [] []
[2026-04-21T14:37:37.597074+00:00] cli.parse.WARNING: URL "https://docs.vulkan.org/refpages/latest/refpages/source/VK_KHR_dedicated_allocation.html" is invalid [] []
[2026-04-21T14:37:37.684509+00:00] cli.parse.WARNING: URL "https://docs.vulkan.org/refpages/latest/refpages/source/VK_KHR_descriptor_update_template.html" is invalid [] []
[2026-04-21T14:37:37.771300+00:00] cli.parse.WARNING: URL "https://docs.vulkan.org/refpages/latest/refpages/source/VK_KHR_display.html" is invalid [] []
[2026-04-21T14:37:37.853081+00:00] cli.parse.WARNING: URL "https://docs.vulkan.org/refpages/latest/refpages/source/VK_KHR_display_swapchain.html" is invalid [] []
[2026-04-21T14:37:37.937903+00:00] cli.parse.WARNING: URL "https://docs.vulkan.org/refpages/latest/refpages/source/VK_KHR_external_fence.html" is invalid [] []
[2026-04-21T14:37:38.027350+00:00] cli.parse.WARNING: URL "https://docs.vulkan.org/refpages/latest/refpages/source/VK_KHR_external_fence_capabilities.html" is invalid [] []
[2026-04-21T14:37:38.110536+00:00] cli.parse.WARNING: URL "https://docs.vulkan.org/refpages/latest/refpages/source/VK_KHR_external_fence_fd.html" is invalid [] []
[2026-04-21T14:37:38.198344+00:00] cli.parse.WARNING: URL "https://docs.vulkan.org/refpages/latest/refpages/source/VK_KHR_external_fence_win32.html" is invalid [] []
[2026-04-21T14:37:38.441553+00:00] cli.parse.WARNING: URL "https://docs.vulkan.org/refpages/latest/refpages/source/VK_KHR_external_memory.html" is invalid [] []
[2026-04-21T14:37:38.536131+00:00] cli.parse.WARNING: URL "https://docs.vulkan.org/refpages/latest/refpages/source/VK_KHR_external_memory_capabilities.html" is invalid [] []
[2026-04-21T14:37:38.617701+00:00] cli.parse.WARNING: URL "https://docs.vulkan.org/refpages/latest/refpages/source/VK_KHR_external_memory_fd.html" is invalid [] []
[2026-04-21T14:37:38.698653+00:00] cli.parse.WARNING: URL "https://docs.vulkan.org/refpages/latest/refpages/source/VK_KHR_external_memory_win32.html" is invalid [] []
[2026-04-21T14:37:38.783222+00:00] cli.parse.WARNING: URL "https://docs.vulkan.org/refpages/latest/refpages/source/VK_KHR_external_semaphore.html" is invalid [] []
[2026-04-21T14:37:38.870791+00:00] cli.parse.WARNING: URL "https://docs.vulkan.org/refpages/latest/refpages/source/VK_KHR_external_semaphore_capabilities.html" is invalid [] []
[2026-04-21T14:37:38.956020+00:00] cli.parse.WARNING: URL "https://docs.vulkan.org/refpages/latest/refpages/source/VK_KHR_external_semaphore_fd.html" is invalid [] []
[2026-04-21T14:37:39.043032+00:00] cli.parse.WARNING: URL "https://docs.vulkan.org/refpages/latest/refpages/source/VK_KHR_external_semaphore_win32.html" is invalid [] []
[2026-04-21T14:37:39.127367+00:00] cli.parse.WARNING: URL "https://docs.vulkan.org/refpages/latest/refpages/source/VK_KHR_get_memory_requirements2.html" is invalid [] []
[2026-04-21T14:37:39.209439+00:00] cli.parse.WARNING: URL "https://docs.vulkan.org/refpages/latest/refpages/source/VK_KHR_get_physical_device_properties2.html" is invalid [] []
[2026-04-21T14:37:39.294660+00:00] cli.parse.WARNING: URL "https://docs.vulkan.org/refpages/latest/refpages/source/VK_KHR_get_surface_capabilities2.html" is invalid [] []
[2026-04-21T14:37:39.385761+00:00] cli.parse.WARNING: URL "https://docs.vulkan.org/refpages/latest/refpages/source/VK_KHR_incremental_present.html" is invalid [] []
[2026-04-21T14:37:39.469480+00:00] cli.parse.WARNING: URL "https://docs.vulkan.org/refpages/latest/refpages/source/VK_KHR_maintenance1.html" is invalid [] []
[2026-04-21T14:37:39.549621+00:00] cli.parse.WARNING: URL "https://docs.vulkan.org/refpages/latest/refpages/source/VK_KHR_mir_surface.html" is invalid [] []
[2026-04-21T14:37:39.637833+00:00] cli.parse.WARNING: URL "https://docs.vulkan.org/refpages/latest/refpages/source/VK_KHR_push_descriptor.html" is invalid [] []
[2026-04-21T14:37:39.722307+00:00] cli.parse.WARNING: URL "https://docs.vulkan.org/refpages/latest/refpages/source/VK_KHR_sampler_mirror_clamp_to_edge.html" is invalid [] []
[2026-04-21T14:37:39.811077+00:00] cli.parse.WARNING: URL "https://docs.vulkan.org/refpages/latest/refpages/source/VK_KHR_shader_draw_parameters.html" is invalid [] []
[2026-04-21T14:37:39.892534+00:00] cli.parse.WARNING: URL "https://docs.vulkan.org/refpages/latest/refpages/source/VK_KHR_shared_presentable_image.html" is invalid [] []
[2026-04-21T14:37:39.971663+00:00] cli.parse.WARNING: URL "https://docs.vulkan.org/refpages/latest/refpages/source/VK_KHR_storage_buffer_storage_class.html" is invalid [] []
[2026-04-21T14:37:40.056288+00:00] cli.parse.WARNING: URL "https://docs.vulkan.org/refpages/latest/refpages/source/VK_KHR_surface.html" is invalid [] []
[2026-04-21T14:37:40.140642+00:00] cli.parse.WARNING: URL "https://docs.vulkan.org/refpages/latest/refpages/source/VK_KHR_swapchain.html" is invalid [] []
[2026-04-21T14:37:40.226719+00:00] cli.parse.WARNING: URL "https://docs.vulkan.org/refpages/latest/refpages/source/VK_KHR_variable_pointers.html" is invalid [] []
[2026-04-21T14:37:40.317567+00:00] cli.parse.WARNING: URL "https://docs.vulkan.org/refpages/latest/refpages/source/VK_KHR_wayland_surface.html" is invalid [] []
[2026-04-21T14:37:40.402542+00:00] cli.parse.WARNING: URL "https://docs.vulkan.org/refpages/latest/refpages/source/VK_KHR_win32_keyed_mutex.html" is invalid [] []
[2026-04-21T14:37:40.485909+00:00] cli.parse.WARNING: URL "https://docs.vulkan.org/refpages/latest/refpages/source/VK_KHR_win32_surface.html" is invalid [] []
[2026-04-21T14:37:40.575223+00:00] cli.parse.WARNING: URL "https://docs.vulkan.org/refpages/latest/refpages/source/VK_KHR_xcb_surface.html" is invalid [] []
[2026-04-21T14:37:40.668566+00:00] cli.parse.WARNING: URL "https://docs.vulkan.org/refpages/latest/refpages/source/VK_KHR_xlib_surface.html" is invalid [] []
[2026-04-21T14:37:41.995977+00:00] cli.parse.WARNING: URL "https://registry.khronos.org/OpenGL/extensions/EXT/EXT_memory_object.txt" is invalid [] []
[2026-04-21T14:37:42.429235+00:00] cli.parse.WARNING: URL "https://registry.khronos.org/OpenGL/extensions/EXT/EXT_memory_object_fd.txt" is invalid [] []
[2026-04-21T14:37:42.870347+00:00] cli.parse.WARNING: URL "https://registry.khronos.org/OpenGL/extensions/EXT/EXT_memory_object_win32.txt" is invalid [] []
[2026-04-21T14:37:43.309795+00:00] cli.parse.WARNING: URL "https://registry.khronos.org/OpenGL/extensions/EXT/EXT_semaphore.txt" is invalid [] []
[2026-04-21T14:37:43.512050+00:00] cli.parse.WARNING: URL "https://registry.khronos.org/OpenGL/extensions/EXT/EXT_semaphore_fd.txt" is invalid [] []
[2026-04-21T14:37:43.965684+00:00] cli.parse.WARNING: URL "https://registry.khronos.org/OpenGL/extensions/EXT/EXT_semaphore_win32.txt" is invalid [] []
[2026-04-21T14:37:46.824900+00:00] cli.parse.WARNING: URL "https://docs.vulkan.org/refpages/latest/refpages/source/VK_KHR_bind_memory2.html" is invalid [] []
[2026-04-21T14:37:46.902470+00:00] cli.parse.WARNING: URL "https://docs.vulkan.org/refpages/latest/refpages/source/VK_KHR_device_group.html" is invalid [] []
[2026-04-21T14:37:46.987821+00:00] cli.parse.WARNING: URL "https://docs.vulkan.org/refpages/latest/refpages/source/VK_KHR_device_group_creation.html" is invalid [] []
[2026-04-21T14:37:47.064225+00:00] cli.parse.WARNING: URL "https://docs.vulkan.org/refpages/latest/refpages/source/VK_KHR_maintenance2.html" is invalid [] []
[2026-04-21T14:37:47.145709+00:00] cli.parse.WARNING: URL "https://docs.vulkan.org/refpages/latest/refpages/source/VK_KHR_maintenance3.html" is invalid [] []
[2026-04-21T14:37:47.221797+00:00] cli.parse.WARNING: URL "https://docs.vulkan.org/refpages/latest/refpages/source/VK_KHR_multiview.html" is invalid [] []
[2026-04-21T14:37:47.308627+00:00] cli.parse.WARNING: URL "https://docs.vulkan.org/refpages/latest/refpages/source/VK_KHR_relaxed_block_layout.html" is invalid [] []
[2026-04-21T14:37:47.389591+00:00] cli.parse.WARNING: URL "https://docs.vulkan.org/refpages/latest/refpages/source/VK_KHR_sampler_ycbcr_conversion.html" is invalid [] []
[2026-04-21T14:37:47.519806+00:00] cli.parse.WARNING: URL "https://docs.vulkan.org/refpages/latest/refpages/source/VK_KHR_8bit_storage.html" is invalid [] []
[2026-04-21T14:37:47.603564+00:00] cli.parse.WARNING: URL "https://docs.vulkan.org/refpages/latest/refpages/source/VK_KHR_create_renderpass2.html" is invalid [] []
[2026-04-21T14:37:47.687248+00:00] cli.parse.WARNING: URL "https://docs.vulkan.org/refpages/latest/refpages/source/VK_KHR_draw_indirect_count.html" is invalid [] []
[2026-04-21T14:37:47.768932+00:00] cli.parse.WARNING: URL "https://docs.vulkan.org/refpages/latest/refpages/source/VK_KHR_get_display_properties2.html" is invalid [] []
[2026-04-21T14:37:47.851502+00:00] cli.parse.WARNING: URL "https://docs.vulkan.org/refpages/latest/refpages/source/VK_KHR_image_format_list.html" is invalid [] []
[2026-04-21T14:37:51.283501+00:00] cli.parse.WARNING: URL "https://docs.vulkan.org/refpages/latest/refpages/source/VK_KHR_depth_stencil_resolve.html" is invalid [] []
[2026-04-21T14:37:51.362012+00:00] cli.parse.WARNING: URL "https://docs.vulkan.org/refpages/latest/refpages/source/VK_KHR_driver_properties.html" is invalid [] []
[2026-04-21T14:37:51.447194+00:00] cli.parse.WARNING: URL "https://docs.vulkan.org/refpages/latest/refpages/source/VK_KHR_imageless_framebuffer.html" is invalid [] []
[2026-04-21T14:37:51.526978+00:00] cli.parse.WARNING: URL "https://docs.vulkan.org/refpages/latest/refpages/source/VK_KHR_pipeline_executable_properties.html" is invalid [] []
[2026-04-21T14:37:51.606919+00:00] cli.parse.WARNING: URL "https://docs.vulkan.org/refpages/latest/refpages/source/VK_KHR_shader_atomic_int64.html" is invalid [] []
[2026-04-21T14:37:51.685532+00:00] cli.parse.WARNING: URL "https://docs.vulkan.org/refpages/latest/refpages/source/VK_KHR_shader_float16_int8.html" is invalid [] []
[2026-04-21T14:37:51.766172+00:00] cli.parse.WARNING: URL "https://docs.vulkan.org/refpages/latest/refpages/source/VK_KHR_shader_float_controls.html" is invalid [] []
[2026-04-21T14:37:51.847281+00:00] cli.parse.WARNING: URL "https://docs.vulkan.org/refpages/latest/refpages/source/VK_KHR_shader_subgroup_extended_types.html" is invalid [] []
[2026-04-21T14:37:51.931439+00:00] cli.parse.WARNING: URL "https://docs.vulkan.org/refpages/latest/refpages/source/VK_KHR_surface_protected_capabilities.html" is invalid [] []
[2026-04-21T14:37:52.019209+00:00] cli.parse.WARNING: URL "https://docs.vulkan.org/refpages/latest/refpages/source/VK_KHR_swapchain_mutable_format.html" is invalid [] []
[2026-04-21T14:37:52.097364+00:00] cli.parse.WARNING: URL "https://docs.vulkan.org/refpages/latest/refpages/source/VK_KHR_uniform_buffer_standard_layout.html" is invalid [] []
[2026-04-21T14:37:52.181707+00:00] cli.parse.WARNING: URL "https://docs.vulkan.org/refpages/latest/refpages/source/VK_KHR_vulkan_memory_model.html" is invalid [] []
[2026-04-21T14:37:58.621174+00:00] cli.parse.WARNING: URL "https://docs.vulkan.org/refpages/latest/refpages/source/VK_KHR_buffer_device_address.html" is invalid [] []
[2026-04-21T14:37:58.700642+00:00] cli.parse.WARNING: URL "https://docs.vulkan.org/refpages/latest/refpages/source/VK_KHR_performance_query.html" is invalid [] []
[2026-04-21T14:37:58.783305+00:00] cli.parse.WARNING: URL "https://docs.vulkan.org/refpages/latest/refpages/source/VK_KHR_shader_clock.html" is invalid [] []
[2026-04-21T14:37:58.869276+00:00] cli.parse.WARNING: URL "https://docs.vulkan.org/refpages/latest/refpages/source/VK_KHR_shader_non_semantic_info.html" is invalid [] []
[2026-04-21T14:37:58.946319+00:00] cli.parse.WARNING: URL "https://docs.vulkan.org/refpages/latest/refpages/source/VK_KHR_separate_depth_stencil_layouts.html" is invalid [] []
[2026-04-21T14:37:59.028782+00:00] cli.parse.WARNING: URL "https://docs.vulkan.org/refpages/latest/refpages/source/VK_KHR_spirv_1_4.html" is invalid [] []
[2026-04-21T14:37:59.111387+00:00] cli.parse.WARNING: URL "https://docs.vulkan.org/refpages/latest/refpages/source/VK_KHR_timeline_semaphore.html" is invalid [] []
[2026-04-21T14:37:59.248751+00:00] cli.parse.WARNING: URL "https://docs.vulkan.org/refpages/latest/refpages/source/VK_EXT_descriptor_indexing.html" is invalid [] []
[2026-04-21T14:37:59.334571+00:00] cli.parse.WARNING: URL "https://docs.vulkan.org/refpages/latest/refpages/source/VK_EXT_host_query_reset.html" is invalid [] []
[2026-04-21T14:37:59.414848+00:00] cli.parse.WARNING: URL "https://docs.vulkan.org/refpages/latest/refpages/source/VK_EXT_sampler_filter_minmax.html" is invalid [] []
[2026-04-21T14:37:59.493958+00:00] cli.parse.WARNING: URL "https://docs.vulkan.org/refpages/latest/refpages/source/VK_EXT_scalar_block_layout.html" is invalid [] []
[2026-04-21T14:37:59.574328+00:00] cli.parse.WARNING: URL "https://docs.vulkan.org/refpages/latest/refpages/source/VK_EXT_separate_stencil_usage.html" is invalid [] []
[2026-04-21T14:37:59.651853+00:00] cli.parse.WARNING: URL "https://docs.vulkan.org/refpages/latest/refpages/source/VK_EXT_shader_viewport_index_layer.html" is invalid [] []
[2026-04-21T14:37:59.911417+00:00] cli.parse.WARNING: URL "https://docs.vulkan.org/refpages/latest/refpages/source/VK_KHR_copy_commands2.html" is invalid [] []
[2026-04-21T14:37:59.992245+00:00] cli.parse.WARNING: URL "https://docs.vulkan.org/refpages/latest/refpages/source/VK_KHR_fragment_shading_rate.html" is invalid [] []
[2026-04-21T14:38:00.072645+00:00] cli.parse.WARNING: URL "https://docs.vulkan.org/refpages/latest/refpages/source/VK_KHR_shader_terminate_invocation.html" is invalid [] []
[2026-04-21T14:38:01.802308+00:00] cli.parse.WARNING: URL "https://docs.vulkan.org/refpages/latest/refpages/source/VK_EXT_sample_locations.html" is invalid [] []
[2026-04-21T14:38:05.559905+00:00] cli.parse.WARNING: URL "https://docs.vulkan.org/refpages/latest/refpages/source/VK_KHR_deferred_host_operations.html" is invalid [] []
[2026-04-21T14:38:05.642418+00:00] cli.parse.WARNING: URL "https://docs.vulkan.org/refpages/latest/refpages/source/VK_KHR_workgroup_memory_explicit_layout.html" is invalid [] []
[2026-04-21T14:38:05.724166+00:00] cli.parse.WARNING: URL "https://docs.vulkan.org/refpages/latest/refpages/source/VK_KHR_zero_initialize_workgroup_memory.html" is invalid [] []
[2026-04-21T14:38:05.799922+00:00] cli.parse.WARNING: URL "https://docs.vulkan.org/refpages/latest/refpages/source/VK_EXT_4444_formats.html" is invalid [] []
[2026-04-21T14:38:05.883443+00:00] cli.parse.WARNING: URL "https://docs.vulkan.org/refpages/latest/refpages/source/VK_EXT_calibrated_timestamps.html" is invalid [] []
[2026-04-21T14:38:05.965561+00:00] cli.parse.WARNING: URL "https://docs.vulkan.org/refpages/latest/refpages/source/VK_EXT_color_write_enable.html" is invalid [] []
[2026-04-21T14:38:06.044716+00:00] cli.parse.WARNING: URL "https://docs.vulkan.org/refpages/latest/refpages/source/VK_EXT_conditional_rendering.html" is invalid [] []
[2026-04-21T14:38:06.123398+00:00] cli.parse.WARNING: URL "https://docs.vulkan.org/refpages/latest/refpages/source/VK_EXT_conservative_rasterization.html" is invalid [] []
[2026-04-21T14:38:06.201717+00:00] cli.parse.WARNING: URL "https://docs.vulkan.org/refpages/latest/refpages/source/VK_EXT_custom_border_color.html" is invalid [] []
[2026-04-21T14:38:06.287260+00:00] cli.parse.WARNING: URL "https://docs.vulkan.org/refpages/latest/refpages/source/VK_EXT_debug_marker.html" is invalid [] []
[2026-04-21T14:38:06.366683+00:00] cli.parse.WARNING: URL "https://docs.vulkan.org/refpages/latest/refpages/source/VK_EXT_depth_clip_enable.html" is invalid [] []
[2026-04-21T14:38:06.450213+00:00] cli.parse.WARNING: URL "https://docs.vulkan.org/refpages/latest/refpages/source/VK_EXT_depth_range_unrestricted.html" is invalid [] []
[2026-04-21T14:38:06.528447+00:00] cli.parse.WARNING: URL "https://docs.vulkan.org/refpages/latest/refpages/source/VK_EXT_discard_rectangles.html" is invalid [] []
[2026-04-21T14:38:06.610462+00:00] cli.parse.WARNING: URL "https://docs.vulkan.org/refpages/latest/refpages/source/VK_EXT_display_control.html" is invalid [] []
[2026-04-21T14:38:06.690653+00:00] cli.parse.WARNING: URL "https://docs.vulkan.org/refpages/latest/refpages/source/VK_EXT_extended_dynamic_state.html" is invalid [] []
[2026-04-21T14:38:06.775078+00:00] cli.parse.WARNING: URL "https://docs.vulkan.org/refpages/latest/refpages/source/VK_EXT_external_memory_dma_buf.html" is invalid [] []
[2026-04-21T14:38:06.857037+00:00] cli.parse.WARNING: URL "https://docs.vulkan.org/refpages/latest/refpages/source/VK_EXT_external_memory_host.html" is invalid [] []
[2026-04-21T14:38:06.935606+00:00] cli.parse.WARNING: URL "https://docs.vulkan.org/refpages/latest/refpages/source/VK_EXT_filter_cubic.html" is invalid [] []
[2026-04-21T14:38:07.017641+00:00] cli.parse.WARNING: URL "https://docs.vulkan.org/refpages/latest/refpages/source/VK_EXT_fragment_shader_interlock.html" is invalid [] []
[2026-04-21T14:38:07.095242+00:00] cli.parse.WARNING: URL "https://docs.vulkan.org/refpages/latest/refpages/source/VK_EXT_global_priority.html" is invalid [] []
[2026-04-21T14:38:07.179084+00:00] cli.parse.WARNING: URL "https://docs.vulkan.org/refpages/latest/refpages/source/VK_EXT_image_drm_format_modifier.html" is invalid [] []
[2026-04-21T14:38:07.261716+00:00] cli.parse.WARNING: URL "https://docs.vulkan.org/refpages/latest/refpages/source/VK_EXT_image_robustness.html" is invalid [] []
[2026-04-21T14:38:07.342871+00:00] cli.parse.WARNING: URL "https://docs.vulkan.org/refpages/latest/refpages/source/VK_EXT_index_type_uint8.html" is invalid [] []
[2026-04-21T14:38:07.424409+00:00] cli.parse.WARNING: URL "https://docs.vulkan.org/refpages/latest/refpages/source/VK_EXT_inline_uniform_block.html" is invalid [] []
[2026-04-21T14:38:07.505409+00:00] cli.parse.WARNING: URL "https://docs.vulkan.org/refpages/latest/refpages/source/VK_EXT_line_rasterization.html" is invalid [] []
[2026-04-21T14:38:07.590256+00:00] cli.parse.WARNING: URL "https://docs.vulkan.org/refpages/latest/refpages/source/VK_EXT_memory_budget.html" is invalid [] []
[2026-04-21T14:38:07.678171+00:00] cli.parse.WARNING: URL "https://docs.vulkan.org/refpages/latest/refpages/source/VK_EXT_memory_priority.html" is invalid [] []
[2026-04-21T14:38:07.759652+00:00] cli.parse.WARNING: URL "https://docs.vulkan.org/refpages/latest/refpages/source/VK_EXT_pci_bus_info.html" is invalid [] []
[2026-04-21T14:38:07.845347+00:00] cli.parse.WARNING: URL "https://docs.vulkan.org/refpages/latest/refpages/source/VK_EXT_pipeline_creation_cache_control.html" is invalid [] []
[2026-04-21T14:38:07.925994+00:00] cli.parse.WARNING: URL "https://docs.vulkan.org/refpages/latest/refpages/source/VK_EXT_pipeline_creation_feedback.html" is invalid [] []
[2026-04-21T14:38:08.011105+00:00] cli.parse.WARNING: URL "https://docs.vulkan.org/refpages/latest/refpages/source/VK_EXT_post_depth_coverage.html" is invalid [] []
[2026-04-21T14:38:08.095715+00:00] cli.parse.WARNING: URL "https://docs.vulkan.org/refpages/latest/refpages/source/VK_EXT_private_data.html" is invalid [] []
[2026-04-21T14:38:08.175014+00:00] cli.parse.WARNING: URL "https://docs.vulkan.org/refpages/latest/refpages/source/VK_EXT_queue_family_foreign.html" is invalid [] []
[2026-04-21T14:38:08.268222+00:00] cli.parse.WARNING: URL "https://docs.vulkan.org/refpages/latest/refpages/source/VK_EXT_robustness2.html" is invalid [] []
[2026-04-21T14:38:08.353326+00:00] cli.parse.WARNING: URL "https://docs.vulkan.org/refpages/latest/refpages/source/VK_EXT_shader_atomic_float.html" is invalid [] []
[2026-04-21T14:38:08.434999+00:00] cli.parse.WARNING: URL "https://docs.vulkan.org/refpages/latest/refpages/source/VK_EXT_shader_demote_to_helper_invocation.html" is invalid [] []
[2026-04-21T14:38:08.517041+00:00] cli.parse.WARNING: URL "https://docs.vulkan.org/refpages/latest/refpages/source/VK_EXT_shader_image_atomic_int64.html" is invalid [] []
[2026-04-21T14:38:08.601108+00:00] cli.parse.WARNING: URL "https://docs.vulkan.org/refpages/latest/refpages/source/VK_EXT_shader_stencil_export.html" is invalid [] []
[2026-04-21T14:38:08.681126+00:00] cli.parse.WARNING: URL "https://docs.vulkan.org/refpages/latest/refpages/source/VK_EXT_shader_subgroup_ballot.html" is invalid [] []
[2026-04-21T14:38:08.763773+00:00] cli.parse.WARNING: URL "https://docs.vulkan.org/refpages/latest/refpages/source/VK_EXT_shader_subgroup_vote.html" is invalid [] []
[2026-04-21T14:38:08.848461+00:00] cli.parse.WARNING: URL "https://docs.vulkan.org/refpages/latest/refpages/source/VK_EXT_subgroup_size_control.html" is invalid [] []
[2026-04-21T14:38:08.937180+00:00] cli.parse.WARNING: URL "https://docs.vulkan.org/refpages/latest/refpages/source/VK_EXT_texel_buffer_alignment.html" is invalid [] []
[2026-04-21T14:38:09.017777+00:00] cli.parse.WARNING: URL "https://docs.vulkan.org/refpages/latest/refpages/source/VK_EXT_transform_feedback.html" is invalid [] []
[2026-04-21T14:38:09.100682+00:00] cli.parse.WARNING: URL "https://docs.vulkan.org/refpages/latest/refpages/source/VK_EXT_vertex_attribute_divisor.html" is invalid [] []
[2026-04-21T14:38:09.183181+00:00] cli.parse.WARNING: URL "https://docs.vulkan.org/refpages/latest/refpages/source/VK_EXT_ycbcr_image_arrays.html" is invalid [] []
[2026-04-21T14:38:09.263749+00:00] cli.parse.WARNING: URL "https://docs.vulkan.org/refpages/latest/refpages/source/VK_ANDROID_external_memory_android_hardware_buffer.html" is invalid [] []
[2026-04-21T14:38:09.348383+00:00] cli.parse.WARNING: URL "https://docs.vulkan.org/refpages/latest/refpages/source/VK_ANDROID_native_buffer.html" is invalid [] []
[2026-04-21T14:38:09.434510+00:00] cli.parse.WARNING: URL "https://docs.vulkan.org/refpages/latest/refpages/source/VK_GOOGLE_decorate_string.html" is invalid [] []
[2026-04-21T14:38:09.519586+00:00] cli.parse.WARNING: URL "https://docs.vulkan.org/refpages/latest/refpages/source/VK_GOOGLE_hlsl_functionality1.html" is invalid [] []
[2026-04-21T14:38:09.607308+00:00] cli.parse.WARNING: URL "https://docs.vulkan.org/refpages/latest/refpages/source/VK_GOOGLE_user_type.html" is invalid [] []
[2026-04-21T14:38:09.692264+00:00] cli.parse.WARNING: URL "https://docs.vulkan.org/refpages/latest/refpages/source/VK_IMG_filter_cubic.html" is invalid [] []
[2026-04-21T14:38:09.778414+00:00] cli.parse.WARNING: URL "https://docs.vulkan.org/refpages/latest/refpages/source/VK_NV_compute_shader_derivatives.html" is invalid [] []
[2026-04-21T14:38:10.912869+00:00] cli.parse.WARNING: URL "https://docs.vulkan.org/refpages/latest/refpages/source/VK_EXT_extended_dynamic_state2.html" is invalid [] []
[2026-04-21T14:38:11.083990+00:00] cli.parse.WARNING: URL "https://docs.vulkan.org/refpages/latest/refpages/source/VK_EXT_provoking_vertex.html" is invalid [] []
[2026-04-21T14:38:12.225820+00:00] cli.parse.WARNING: URL "https://docs.vulkan.org/refpages/latest/refpages/source/VK_EXT_physical_device_drm.html" is invalid [] []
[2026-04-21T14:38:12.454048+00:00] cli.parse.WARNING: URL "https://docs.vulkan.org/refpages/latest/refpages/source/VK_EXT_acquire_drm_display.html" is invalid [] []
[2026-04-21T14:38:12.605473+00:00] cli.parse.WARNING: URL "https://docs.vulkan.org/refpages/latest/refpages/source/VK_KHR_shader_subgroup_uniform_control_flow.html" is invalid [] []
[2026-04-21T14:38:12.973779+00:00] cli.parse.WARNING: URL "https://docs.vulkan.org/refpages/latest/refpages/source/VK_EXT_multi_draw.html" is invalid [] []
[2026-04-21T14:38:13.132803+00:00] cli.parse.WARNING: URL "https://docs.vulkan.org/refpages/latest/refpages/source/VK_EXT_vertex_input_dynamic_state.html" is invalid [] []
[2026-04-21T14:38:13.927184+00:00] cli.parse.WARNING: URL "https://docs.vulkan.org/refpages/latest/refpages/source/VK_EXT_shader_atomic_float2.html" is invalid [] []
[2026-04-21T14:38:14.080532+00:00] cli.parse.WARNING: URL "https://docs.vulkan.org/refpages/latest/refpages/source/VK_VALVE_mutable_descriptor_type.html" is invalid [] []
[2026-04-21T14:38:15.238087+00:00] cli.parse.WARNING: URL "https://docs.vulkan.org/refpages/latest/refpages/source/VK_KHR_shader_integer_dot_product.html" is invalid [] []
[2026-04-21T14:38:17.010810+00:00] cli.parse.WARNING: URL "https://docs.vulkan.org/refpages/latest/refpages/source/VK_KHR_format_feature_flags2.html" is invalid [] []
[2026-04-21T14:38:17.096324+00:00] cli.parse.WARNING: URL "https://docs.vulkan.org/refpages/latest/refpages/source/VK_EXT_buffer_device_address.html" is invalid [] []
[2026-04-21T14:38:17.179350+00:00] cli.parse.WARNING: URL "https://docs.vulkan.org/refpages/latest/refpages/source/VK_EXT_global_priority_query.html" is invalid [] []
[2026-04-21T14:38:17.255648+00:00] cli.parse.WARNING: URL "https://docs.vulkan.org/refpages/latest/refpages/source/VK_EXT_primitive_topology_list_restart.html" is invalid [] []
[2026-04-21T14:38:17.338102+00:00] cli.parse.WARNING: URL "https://docs.vulkan.org/refpages/latest/refpages/source/VK_AMD_buffer_marker.html" is invalid [] []
[2026-04-21T14:38:17.419352+00:00] cli.parse.WARNING: URL "https://docs.vulkan.org/refpages/latest/refpages/source/VK_AMD_device_coherent_memory.html" is invalid [] []
[2026-04-21T14:38:17.500378+00:00] cli.parse.WARNING: URL "https://docs.vulkan.org/refpages/latest/refpages/source/VK_AMD_draw_indirect_count.html" is invalid [] []
[2026-04-21T14:38:17.581880+00:00] cli.parse.WARNING: URL "https://docs.vulkan.org/refpages/latest/refpages/source/VK_AMD_gcn_shader.html" is invalid [] []
[2026-04-21T14:38:17.662560+00:00] cli.parse.WARNING: URL "https://docs.vulkan.org/refpages/latest/refpages/source/VK_AMD_gpu_shader_half_float.html" is invalid [] []
[2026-04-21T14:38:17.742322+00:00] cli.parse.WARNING: URL "https://docs.vulkan.org/refpages/latest/refpages/source/VK_AMD_gpu_shader_int16.html" is invalid [] []
[2026-04-21T14:38:17.824142+00:00] cli.parse.WARNING: URL "https://docs.vulkan.org/refpages/latest/refpages/source/VK_AMD_memory_overallocation_behavior.html" is invalid [] []
[2026-04-21T14:38:17.907155+00:00] cli.parse.WARNING: URL "https://docs.vulkan.org/refpages/latest/refpages/source/VK_AMD_mixed_attachment_samples.html" is invalid [] []
[2026-04-21T14:38:17.992580+00:00] cli.parse.WARNING: URL "https://docs.vulkan.org/refpages/latest/refpages/source/VK_AMD_rasterization_order.html" is invalid [] []
[2026-04-21T14:38:18.077518+00:00] cli.parse.WARNING: URL "https://docs.vulkan.org/refpages/latest/refpages/source/VK_AMD_shader_ballot.html" is invalid [] []
[2026-04-21T14:38:18.160203+00:00] cli.parse.WARNING: URL "https://docs.vulkan.org/refpages/latest/refpages/source/VK_AMD_shader_core_properties.html" is invalid [] []
[2026-04-21T14:38:18.243083+00:00] cli.parse.WARNING: URL "https://docs.vulkan.org/refpages/latest/refpages/source/VK_AMD_shader_core_properties2.html" is invalid [] []
[2026-04-21T14:38:18.325393+00:00] cli.parse.WARNING: URL "https://docs.vulkan.org/refpages/latest/refpages/source/VK_AMD_shader_explicit_vertex_parameter.html" is invalid [] []
[2026-04-21T14:38:18.403368+00:00] cli.parse.WARNING: URL "https://docs.vulkan.org/refpages/latest/refpages/source/VK_AMD_shader_fragment_mask.html" is invalid [] []
[2026-04-21T14:38:18.484345+00:00] cli.parse.WARNING: URL "https://docs.vulkan.org/refpages/latest/refpages/source/VK_AMD_shader_image_load_store_lod.html" is invalid [] []
[2026-04-21T14:38:18.566338+00:00] cli.parse.WARNING: URL "https://docs.vulkan.org/refpages/latest/refpages/source/VK_AMD_shader_info.html" is invalid [] []
[2026-04-21T14:38:18.646900+00:00] cli.parse.WARNING: URL "https://docs.vulkan.org/refpages/latest/refpages/source/VK_AMD_shader_trinary_minmax.html" is invalid [] []
[2026-04-21T14:38:18.727501+00:00] cli.parse.WARNING: URL "https://docs.vulkan.org/refpages/latest/refpages/source/VK_AMD_texture_gather_bias_lod.html" is invalid [] []
[2026-04-21T14:38:18.884466+00:00] cli.parse.WARNING: URL "https://docs.vulkan.org/refpages/latest/refpages/source/VK_KHR_dynamic_rendering.html" is invalid [] []
[2026-04-21T14:38:19.116579+00:00] cli.parse.WARNING: URL "https://docs.vulkan.org/refpages/latest/refpages/source/VK_EXT_image_view_min_lod.html" is invalid [] []
[2026-04-21T14:38:19.339161+00:00] cli.parse.WARNING: URL "https://docs.vulkan.org/refpages/latest/refpages/source/VK_KHR_synchronization2.html" is invalid [] []
[2026-04-21T14:38:21.476513+00:00] cli.parse.WARNING: URL "https://docs.vulkan.org/refpages/latest/refpages/source/VK_KHR_maintenance4.html" is invalid [] []
[2026-04-21T14:38:21.852709+00:00] cli.parse.WARNING: URL "https://docs.vulkan.org/refpages/latest/refpages/source/VK_KHR_acceleration_structure.html" is invalid [] []
[2026-04-21T14:38:21.930565+00:00] cli.parse.WARNING: URL "https://docs.vulkan.org/refpages/latest/refpages/source/VK_KHR_pipeline_library.html" is invalid [] []
[2026-04-21T14:38:22.009143+00:00] cli.parse.WARNING: URL "https://docs.vulkan.org/refpages/latest/refpages/source/VK_KHR_ray_query.html" is invalid [] []
[2026-04-21T14:38:22.088035+00:00] cli.parse.WARNING: URL "https://docs.vulkan.org/refpages/latest/refpages/source/VK_KHR_ray_tracing_pipeline.html" is invalid [] []
[2026-04-21T14:38:22.846129+00:00] cli.parse.WARNING: URL "https://docs.vulkan.org/refpages/latest/refpages/source/VK_ARM_rasterization_order_attachment_access.html" is invalid [] []
[2026-04-21T14:38:23.073214+00:00] cli.parse.WARNING: URL "https://docs.vulkan.org/refpages/latest/refpages/source/VK_EXT_depth_clip_control.html" is invalid [] []
[2026-04-21T14:38:24.046140+00:00] cli.parse.WARNING: URL "https://docs.vulkan.org/refpages/latest/refpages/source/VK_EXT_graphics_pipeline_library.html" is invalid [] []
[2026-04-21T14:38:24.127470+00:00] cli.parse.WARNING: URL "https://docs.vulkan.org/refpages/latest/refpages/source/VK_EXT_primitives_generated_query.html" is invalid [] []
[2026-04-21T14:38:24.506587+00:00] cli.parse.WARNING: URL "https://docs.vulkan.org/refpages/latest/refpages/source/VK_EXT_image_2d_view_of_3d.html" is invalid [] []
[2026-04-21T14:38:26.851900+00:00] cli.parse.WARNING: URL "https://docs.vulkan.org/refpages/latest/refpages/source/VK_EXT_non_seamless_cube_map.html" is invalid [] []
[2026-04-21T14:38:27.168152+00:00] cli.parse.WARNING: URL "https://docs.vulkan.org/refpages/latest/refpages/source/VK_EXT_border_color_swizzle.html" is invalid [] []
[2026-04-21T14:38:28.528310+00:00] cli.parse.WARNING: URL "https://docs.vulkan.org/refpages/latest/refpages/source/VK_EXT_shader_module_identifier.html" is invalid [] []
[2026-04-21T14:38:28.834083+00:00] cli.parse.WARNING: URL "https://docs.vulkan.org/refpages/latest/refpages/source/VK_EXT_multisampled_render_to_single_sampled.html" is invalid [] []
[2026-04-21T14:38:29.823578+00:00] cli.parse.WARNING: URL "https://docs.vulkan.org/refpages/latest/refpages/source/VK_KHR_ray_tracing_maintenance1.html" is invalid [] []
[2026-04-21T14:38:30.446217+00:00] cli.parse.WARNING: URL "https://docs.vulkan.org/refpages/latest/refpages/source/VK_KHR_global_priority.html" is invalid [] []
[2026-04-21T14:38:30.914169+00:00] cli.parse.WARNING: URL "https://docs.vulkan.org/refpages/latest/refpages/source/VK_EXT_attachment_feedback_loop_layout.html" is invalid [] []
[2026-04-21T14:38:31.709611+00:00] cli.parse.WARNING: URL "https://docs.vulkan.org/refpages/latest/refpages/source/VK_EXT_ycbcr_2plane_444_formats.html" is invalid [] []
[2026-04-21T14:38:32.027590+00:00] cli.parse.WARNING: URL "https://docs.vulkan.org/refpages/latest/refpages/source/VK_EXT_tooling_info.html" is invalid [] []
[2026-04-21T14:38:32.184555+00:00] cli.parse.WARNING: URL "https://docs.vulkan.org/refpages/latest/refpages/source/VK_EXT_texture_compression_astc_hdr.html" is invalid [] []
[2026-04-21T14:38:32.819007+00:00] cli.parse.WARNING: URL "https://docs.vulkan.org/refpages/latest/refpages/source/VK_EXT_rasterization_order_attachment_access.html" is invalid [] []
[2026-04-21T14:38:33.538414+00:00] cli.parse.WARNING: URL "https://docs.vulkan.org/refpages/latest/refpages/source/VK_EXT_load_store_op_none.html" is invalid [] []
[2026-04-21T14:38:34.256583+00:00] cli.parse.WARNING: URL "https://docs.vulkan.org/refpages/latest/refpages/source/VK_EXT_mutable_descriptor_type.html" is invalid [] []
[2026-04-21T14:38:34.892673+00:00] cli.parse.WARNING: URL "https://docs.vulkan.org/refpages/latest/refpages/source/VK_EXT_extended_dynamic_state3.html" is invalid [] []
[2026-04-21T14:38:35.535205+00:00] cli.parse.WARNING: URL "https://docs.vulkan.org/refpages/latest/refpages/source/VK_EXT_pipeline_robustness.html" is invalid [] []
[2026-04-21T14:38:37.073068+00:00] cli.parse.WARNING: URL "https://docs.vulkan.org/refpages/latest/refpages/source/VK_EXT_swapchain_colorspace.html" is invalid [] []
[2026-04-21T14:38:37.398774+00:00] cli.parse.WARNING: URL "https://docs.vulkan.org/refpages/latest/refpages/source/VK_EXT_descriptor_buffer.html" is invalid [] []
[2026-04-21T14:38:37.557466+00:00] cli.parse.WARNING: URL "https://docs.vulkan.org/refpages/latest/refpages/source/VK_KHR_present_wait.html" is invalid [] []
[2026-04-21T14:38:38.047061+00:00] cli.parse.WARNING: URL "https://docs.vulkan.org/refpages/latest/refpages/source/VK_AMD_shader_early_and_late_fragment_tests.html" is invalid [] []
[2026-04-21T14:38:40.198370+00:00] cli.parse.WARNING: URL "https://docs.vulkan.org/refpages/latest/refpages/source/VK_EXT_pipeline_library_group_handles.html" is invalid [] []
[2026-04-21T14:38:40.363607+00:00] cli.parse.WARNING: URL "https://docs.vulkan.org/refpages/latest/refpages/source/VK_EXT_image_sliced_view_of_3d.html" is invalid [] []
[2026-04-21T14:38:40.938415+00:00] cli.parse.WARNING: URL "https://docs.vulkan.org/refpages/latest/refpages/source/VK_EXT_mesh_shader.html" is invalid [] []
[2026-04-21T14:38:42.091720+00:00] cli.parse.WARNING: URL "https://registry.khronos.org/OpenGL/extensions/EXT/EXT_shader_framebuffer_fetch_non_coherent.txt" is invalid [] []
[2026-04-21T14:38:42.265539+00:00] cli.parse.WARNING: URL "https://docs.vulkan.org/refpages/latest/refpages/source/VK_EXT_shader_object.html" is invalid [] []
[2026-04-21T14:38:42.429697+00:00] cli.parse.WARNING: URL "https://docs.vulkan.org/refpages/latest/refpages/source/VK_EXT_acquire_xlib_display.html" is invalid [] []
[2026-04-21T14:38:42.512310+00:00] cli.parse.WARNING: URL "https://docs.vulkan.org/refpages/latest/refpages/source/VK_EXT_debug_report.html" is invalid [] []
[2026-04-21T14:38:42.590501+00:00] cli.parse.WARNING: URL "https://docs.vulkan.org/refpages/latest/refpages/source/VK_EXT_direct_mode_display.html" is invalid [] []
[2026-04-21T14:38:42.673167+00:00] cli.parse.WARNING: URL "https://docs.vulkan.org/refpages/latest/refpages/source/VK_EXT_display_surface_counter.html" is invalid [] []
[2026-04-21T14:38:43.257144+00:00] cli.parse.WARNING: URL "https://docs.vulkan.org/refpages/latest/refpages/source/VK_EXT_attachment_feedback_loop_dynamic_state.html" is invalid [] []
[2026-04-21T14:38:44.006874+00:00] cli.parse.WARNING: URL "https://docs.vulkan.org/refpages/latest/refpages/source/VK_EXT_pageable_device_local_memory.html" is invalid [] []
[2026-04-21T14:38:44.346436+00:00] cli.parse.WARNING: URL "https://docs.vulkan.org/refpages/latest/refpages/source/VK_EXT_dynamic_rendering_unused_attachments.html" is invalid [] []
[2026-04-21T14:38:44.932588+00:00] cli.parse.WARNING: URL "https://docs.vulkan.org/refpages/latest/refpages/source/VK_EXT_device_memory_report.html" is invalid [] []
[2026-04-21T14:38:45.095552+00:00] cli.parse.WARNING: URL "https://docs.vulkan.org/refpages/latest/refpages/source/VK_KHR_fragment_shader_barycentric.html" is invalid [] []
[2026-04-21T14:38:46.385360+00:00] cli.parse.WARNING: URL "https://docs.vulkan.org/refpages/latest/refpages/source/VK_EXT_depth_bias_control.html" is invalid [] []
[2026-04-21T14:38:47.808299+00:00] cli.parse.WARNING: URL "https://docs.vulkan.org/refpages/latest/refpages/source/VK_EXT_depth_clamp_zero_one.html" is invalid [] []
[2026-04-21T14:38:47.891851+00:00] cli.parse.WARNING: URL "https://docs.vulkan.org/refpages/latest/refpages/source/VK_INTEL_shader_integer_functions2.html" is invalid [] []
[2026-04-21T14:38:47.973308+00:00] cli.parse.WARNING: URL "https://docs.vulkan.org/refpages/latest/refpages/source/VK_KHR_map_memory2.html" is invalid [] []
[2026-04-21T14:38:49.043005+00:00] cli.parse.WARNING: URL "https://docs.vulkan.org/refpages/latest/refpages/source/VK_EXT_external_memory_acquire_unmodified.html" is invalid [] []
[2026-04-21T14:38:50.721419+00:00] cli.parse.WARNING: URL "https://docs.vulkan.org/refpages/latest/refpages/source/VK_KHR_maintenance5.html" is invalid [] []
[2026-04-21T14:38:52.321300+00:00] cli.parse.WARNING: URL "https://docs.vulkan.org/refpages/latest/refpages/source/VK_EXT_nested_command_buffer.html" is invalid [] []
[2026-04-21T14:38:57.477323+00:00] cli.parse.WARNING: URL "https://docs.vulkan.org/refpages/latest/refpages/source/VK_KHR_calibrated_timestamps.html" is invalid [] []
[2026-04-21T14:38:57.553587+00:00] cli.parse.WARNING: URL "https://docs.vulkan.org/refpages/latest/refpages/source/VK_KHR_cooperative_matrix.html" is invalid [] []
[2026-04-21T14:38:57.637928+00:00] cli.parse.WARNING: URL "https://docs.vulkan.org/refpages/latest/refpages/source/VK_EXT_device_fault.html" is invalid [] []
[2026-04-21T14:38:57.717643+00:00] cli.parse.WARNING: URL "https://docs.vulkan.org/refpages/latest/refpages/source/VK_EXT_image_compression_control.html" is invalid [] []
[2026-04-21T14:38:58.002887+00:00] cli.parse.WARNING: URL "https://docs.vulkan.org/refpages/latest/refpages/source/VK_KHR_vertex_attribute_divisor.html" is invalid [] []
[2026-04-21T14:38:58.502823+00:00] cli.parse.WARNING: URL "https://docs.vulkan.org/refpages/latest/refpages/source/VK_KHR_ray_tracing_position_fetch.html" is invalid [] []
[2026-04-21T14:38:58.801303+00:00] cli.parse.WARNING: URL "https://docs.vulkan.org/refpages/latest/refpages/source/VK_KHR_maintenance6.html" is invalid [] []
[2026-04-21T14:38:59.407394+00:00] cli.parse.WARNING: URL "https://docs.vulkan.org/refpages/latest/refpages/source/VK_KHR_shader_subgroup_rotate.html" is invalid [] []
[2026-04-21T14:38:59.591253+00:00] cli.parse.WARNING: URL "https://docs.vulkan.org/refpages/latest/refpages/source/VK_KHR_load_store_op_none.html" is invalid [] []
[2026-04-21T14:38:59.777151+00:00] cli.parse.WARNING: URL "https://docs.vulkan.org/refpages/latest/refpages/source/VK_KHR_line_rasterization.html" is invalid [] []
[2026-04-21T14:38:59.963708+00:00] cli.parse.WARNING: URL "https://docs.vulkan.org/refpages/latest/refpages/source/VK_KHR_index_type_uint8.html" is invalid [] []
[2026-04-21T14:39:00.675986+00:00] cli.parse.WARNING: URL "https://docs.vulkan.org/refpages/latest/refpages/source/VK_KHR_dynamic_rendering_local_read.html" is invalid [] []
[2026-04-21T14:39:00.863335+00:00] cli.parse.WARNING: URL "https://docs.vulkan.org/refpages/latest/refpages/source/VK_KHR_shader_expect_assume.html" is invalid [] []
[2026-04-21T14:39:01.265560+00:00] cli.parse.WARNING: URL "https://docs.vulkan.org/refpages/latest/refpages/source/VK_EXT_headless_surface.html" is invalid [] []
[2026-04-21T14:39:02.608023+00:00] cli.parse.WARNING: URL "https://docs.vulkan.org/refpages/latest/refpages/source/VK_KHR_shader_maximal_reconvergence.html" is invalid [] []
[2026-04-21T14:39:02.791349+00:00] cli.parse.WARNING: URL "https://docs.vulkan.org/refpages/latest/refpages/source/VK_KHR_shader_quad_control.html" is invalid [] []
[2026-04-21T14:39:05.668014+00:00] cli.parse.WARNING: URL "https://docs.vulkan.org/refpages/latest/refpages/source/VK_EXT_surface_maintenance1.html" is invalid [] []
[2026-04-21T14:39:05.744471+00:00] cli.parse.WARNING: URL "https://docs.vulkan.org/refpages/latest/refpages/source/VK_EXT_swapchain_maintenance1.html" is invalid [] []
[2026-04-21T14:39:07.740805+00:00] cli.parse.WARNING: URL "https://docs.vulkan.org/refpages/latest/refpages/source/VK_EXT_device_address_binding_report.html" is invalid [] []
[2026-04-21T14:39:09.215234+00:00] cli.parse.WARNING: URL "https://docs.vulkan.org/refpages/latest/refpages/source/VK_EXT_map_memory_placed.html" is invalid [] []
[2026-04-21T14:39:09.510109+00:00] cli.parse.WARNING: URL "https://docs.vulkan.org/refpages/latest/refpages/source/VK_EXT_legacy_vertex_attributes.html" is invalid [] []
[2026-04-21T14:39:10.553388+00:00] cli.parse.WARNING: URL "https://docs.vulkan.org/refpages/latest/refpages/source/VK_MESA_image_alignment_control.html" is invalid [] []
[2026-04-21T14:39:10.737507+00:00] cli.parse.WARNING: URL "https://docs.vulkan.org/refpages/latest/refpages/source/VK_EXT_legacy_dithering.html" is invalid [] []
[2026-04-21T14:39:11.355680+00:00] cli.parse.WARNING: URL "https://docs.vulkan.org/refpages/latest/refpages/source/VK_EXT_shader_replicated_composites.html" is invalid [] []
[2026-04-21T14:39:13.170282+00:00] cli.parse.WARNING: URL "https://docs.vulkan.org/refpages/latest/refpages/source/VK_KHR_shader_float_controls2.html" is invalid [] []
[2026-04-21T14:39:13.357198+00:00] cli.parse.WARNING: URL "https://docs.vulkan.org/refpages/latest/refpages/source/VK_EXT_debug_utils.html" is invalid [] []
[2026-04-21T14:39:13.757891+00:00] cli.parse.WARNING: URL "https://docs.vulkan.org/refpages/latest/refpages/source/VK_KHR_maintenance7.html" is invalid [] []
[2026-04-21T14:39:15.122369+00:00] cli.parse.WARNING: URL "https://docs.vulkan.org/refpages/latest/refpages/source/VK_EXT_fragment_density_map.html" is invalid [] []
[2026-04-21T14:39:17.587461+00:00] cli.parse.WARNING: URL "https://docs.vulkan.org/refpages/latest/refpages/source/VK_KHR_pipeline_binary.html" is invalid [] []
[2026-04-21T14:39:17.777284+00:00] cli.parse.WARNING: URL "https://docs.vulkan.org/refpages/latest/refpages/source/VK_KHR_compute_shader_derivatives.html" is invalid [] []
[2026-04-21T14:39:18.180561+00:00] cli.parse.WARNING: URL "https://docs.vulkan.org/refpages/latest/refpages/source/VK_KHR_shader_relaxed_extended_instruction.html" is invalid [] []
[2026-04-21T14:39:20.285103+00:00] cli.parse.WARNING: URL "https://docs.vulkan.org/refpages/latest/refpages/source/VK_EXT_device_generated_commands.html" is invalid [] []
[2026-04-21T14:39:20.475954+00:00] cli.parse.WARNING: URL "https://docs.vulkan.org/refpages/latest/refpages/source/VK_EXT_host_image_copy.html" is invalid [] []
[2026-04-21T14:39:20.663762+00:00] cli.parse.WARNING: URL "https://docs.vulkan.org/refpages/latest/refpages/source/VK_EXT_depth_clamp_control.html" is invalid [] []
[2026-04-21T14:39:25.784989+00:00] cli.parse.WARNING: URL "https://docs.vulkan.org/refpages/latest/refpages/source/VK_EXT_pipeline_protected_access.html" is invalid [] []
[2026-04-21T14:39:32.105281+00:00] cli.parse.WARNING: URL "https://docs.vulkan.org/refpages/latest/refpages/source/VK_EXT_blend_operation_advanced.html" is invalid [] []
[2026-04-21T14:39:34.690418+00:00] cli.parse.WARNING: URL "https://docs.vulkan.org/refpages/latest/refpages/source/VK_KHR_depth_clamp_zero_one.html" is invalid [] []
[2026-04-21T14:39:36.136104+00:00] cli.parse.WARNING: URL "https://docs.vulkan.org/refpages/latest/refpages/source/VK_EXT_hdr_metadata.html" is invalid [] []
[2026-04-21T14:39:39.882651+00:00] cli.parse.WARNING: URL "https://docs.vulkan.org/refpages/latest/refpages/source/VK_QCOM_fragment_density_map_offset.html" is invalid [] []
[2026-04-21T14:39:43.288940+00:00] cli.parse.WARNING: URL "https://docs.vulkan.org/refpages/latest/refpages/source/VK_KHR_shader_bfloat16.html" is invalid [] []
[2026-04-21T14:39:43.603847+00:00] cli.parse.WARNING: URL "https://docs.vulkan.org/refpages/latest/refpages/source/VK_EXT_zero_initialize_device_memory.html" is invalid [] []
[2026-04-21T14:39:47.665471+00:00] cli.parse.WARNING: URL "https://docs.vulkan.org/refpages/latest/refpages/source/VK_KHR_maintenance9.html" is invalid [] []
[2026-04-21T14:39:47.866700+00:00] cli.parse.WARNING: URL "https://docs.vulkan.org/refpages/latest/refpages/source/VK_KHR_unified_image_layouts.html" is invalid [] []
[2026-04-21T14:39:48.425229+00:00] cli.parse.WARNING: URL "https://docs.vulkan.org/refpages/latest/refpages/source/VK_KHR_present_wait2.html" is invalid [] []
[2026-04-21T14:39:50.285093+00:00] cli.parse.WARNING: URL "https://docs.vulkan.org/refpages/latest/refpages/source/VK_EXT_shader_float8.html" is invalid [] []
[2026-04-21T14:39:53.127971+00:00] cli.parse.WARNING: URL "https://docs.vulkan.org/refpages/latest/refpages/source/VK_ARM_shader_core_properties.html" is invalid [] []
[2026-04-21T14:39:55.457359+00:00] cli.parse.WARNING: URL "https://docs.vulkan.org/refpages/latest/refpages/source/VK_KHR_present_id.html" is invalid [] []
[2026-04-21T14:39:55.541465+00:00] cli.parse.WARNING: URL "https://docs.vulkan.org/refpages/latest/refpages/source/VK_KHR_present_id2.html" is invalid [] []
[2026-04-21T14:39:55.750295+00:00] cli.parse.WARNING: URL "https://docs.vulkan.org/refpages/latest/refpages/source/VK_ARM_shader_core_builtins.html" is invalid [] []
[2026-04-21T14:39:56.078390+00:00] cli.parse.WARNING: URL "https://docs.vulkan.org/refpages/latest/refpages/source/VK_KHR_shader_untyped_pointers.html" is invalid [] []
[2026-04-21T14:39:57.772032+00:00] cli.parse.WARNING: URL "https://docs.vulkan.org/refpages/latest/refpages/source/VK_KHR_maintenance8.html" is invalid [] []
[2026-04-21T14:40:07.626145+00:00] cli.parse.WARNING: URL "https://docs.vulkan.org/refpages/latest/refpages/source/VK_NVX_image_view_handle.html" is invalid [] []
[2026-04-21T14:40:08.588795+00:00] cli.parse.WARNING: URL "https://docs.vulkan.org/refpages/latest/refpages/source/VK_KHR_maintenance10.html" is invalid [] []
[2026-04-21T14:40:08.928664+00:00] cli.parse.WARNING: URL "https://docs.vulkan.org/refpages/latest/refpages/source/VK_EXT_shader_uniform_buffer_unsized_array.html" is invalid [] []
[2026-04-21T14:40:09.264662+00:00] cli.parse.WARNING: URL "https://docs.vulkan.org/refpages/latest/refpages/source/VK_EXT_external_memory_metal.html" is invalid [] []
[2026-04-21T14:40:10.125260+00:00] cli.parse.WARNING: URL "https://docs.vulkan.org/refpages/latest/refpages/source/VK_VALVE_video_encode_rgb_conversion.html" is invalid [] []
[2026-04-21T14:40:10.589980+00:00] cli.parse.WARNING: URL "https://docs.vulkan.org/refpages/latest/refpages/source/VK_EXT_custom_resolve.html" is invalid [] []
[2026-04-21T14:40:12.370355+00:00] cli.parse.WARNING: URL "https://docs.vulkan.org/refpages/latest/refpages/source/VK_KHR_robustness2.html" is invalid [] []
[2026-04-21T14:40:13.479870+00:00] cli.parse.WARNING: URL "https://docs.vulkan.org/refpages/latest/refpages/source/VK_KHR_surface_maintenance1.html" is invalid [] []
[2026-04-21T14:40:13.566354+00:00] cli.parse.WARNING: URL "https://docs.vulkan.org/refpages/latest/refpages/source/VK_KHR_swapchain_maintenance1.html" is invalid [] []
[2026-04-21T14:40:17.548607+00:00] cli.parse.WARNING: URL "https://docs.vulkan.org/refpages/latest/refpages/source/VK_QCOM_image_processing.html" is invalid [] []
[2026-04-21T14:40:17.756105+00:00] cli.parse.WARNING: URL "https://docs.vulkan.org/refpages/latest/refpages/source/VK_EXT_present_timing.html" is invalid [] []
[2026-04-21T14:40:18.231800+00:00] cli.parse.WARNING: URL "https://docs.vulkan.org/refpages/latest/refpages/source/VK_KHR_internally_synchronized_queues.html" is invalid [] []
[2026-04-21T14:40:20.273250+00:00] cli.parse.WARNING: URL "https://docs.vulkan.org/refpages/latest/refpages/source/VK_EXT_astc_decode_mode.html" is invalid [] []
[2026-04-21T14:40:20.489021+00:00] cli.parse.WARNING: URL "https://docs.vulkan.org/refpages/latest/refpages/source/VK_EXT_fragment_density_map_offset.html" is invalid [] []
[2026-04-21T14:40:20.568167+00:00] cli.parse.WARNING: URL "https://docs.vulkan.org/refpages/latest/refpages/source/VK_VALVE_fragment_density_map_layered.html" is invalid [] []
[2026-04-21T14:40:20.650702+00:00] cli.parse.WARNING: URL "https://docs.vulkan.org/refpages/latest/refpages/source/VK_QCOM_multiview_per_view_render_areas.html" is invalid [] []
[2026-04-21T14:40:20.732188+00:00] cli.parse.WARNING: URL "https://docs.vulkan.org/refpages/latest/refpages/source/VK_QCOM_multiview_per_view_viewports.html" is invalid [] []
[2026-04-21T14:40:20.812832+00:00] cli.parse.WARNING: URL "https://docs.vulkan.org/refpages/latest/refpages/source/VK_QCOM_render_pass_shader_resolve.html" is invalid [] []
[2026-04-21T14:40:21.544209+00:00] cli.parse.WARNING: URL "https://docs.vulkan.org/refpages/latest/refpages/source/VK_KHR_copy_memory_indirect.html" is invalid [] []
[2026-04-21T14:40:21.756256+00:00] cli.parse.WARNING: URL "https://docs.vulkan.org/refpages/latest/refpages/source/VK_EXT_descriptor_heap.html" is invalid [] []
[2026-04-21T14:40:21.969351+00:00] cli.parse.WARNING: URL "https://docs.vulkan.org/refpages/latest/refpages/source/VK_KHR_shader_fma.html" is invalid [] []
[2026-04-21T14:40:22.575392+00:00] cli.parse.WARNING: URL "https://docs.vulkan.org/refpages/latest/refpages/source/VK_VALVE_shader_mixed_float_dot_product.html" is invalid [] []
[2026-04-21T14:40:23.317993+00:00] cli.parse.WARNING: URL "https://docs.vulkan.org/refpages/latest/refpages/source/VK_ARM_scheduling_controls.html" is invalid [] []
[2026-04-21T14:40:26.219334+00:00] cli.parse.WARNING: URL "https://docs.vulkan.org/refpages/latest/refpages/source/VK_KHR_device_address_commands.html" is invalid [] []
[2026-04-21T14:40:27.093658+00:00] cli.parse.WARNING: URL "https://docs.vulkan.org/refpages/latest/refpages/source/VK_EXT_primitive_restart_index.html" is invalid [] []
[2026-04-21T14:40:28.239994+00:00] cli.parse.WARNING: URL "https://docs.vulkan.org/refpages/latest/refpages/source/VK_EXT_rgba10x6_formats.html" is invalid [] []
[2026-04-26T06:49:08.365901+00:00] cli.parse.WARNING: URL "https://docs.vulkan.org/refpages/latest/refpages/source/VK_KHR_shader_constant_data.html" is invalid [] []
[2026-05-13T07:35:30.310075+00:00] cli.parse.WARNING: URL "https://docs.vulkan.org/refpages/latest/refpages/source/VK_KHR_maintenance11.html" is invalid [] []
